[debug] [2020-04-12T03:58:32.817Z] ----------------------------------------------------------------------
[debug] [2020-04-12T03:58:32.819Z] Command:       /usr/bin/node /home/akshit/.npm-global/bin/firebase init functions
[debug] [2020-04-12T03:58:32.819Z] CLI Version:   8.0.2
[debug] [2020-04-12T03:58:32.819Z] Platform:      linux
[debug] [2020-04-12T03:58:32.819Z] Node Version:  v8.17.0
[debug] [2020-04-12T03:58:32.820Z] Time:          Sun Apr 12 2020 09:28:32 GMT+0530 (IST)
[debug] [2020-04-12T03:58:32.820Z] ----------------------------------------------------------------------
[debug] [2020-04-12T03:58:32.820Z] 
[debug] [2020-04-12T03:58:32.824Z] > command requires scopes: ["email","openid","https://www.googleapis.com/auth/cloudplatformprojects.readonly","https://www.googleapis.com/auth/firebase","https://www.googleapis.com/auth/cloud-platform"]
[debug] [2020-04-12T03:58:32.824Z] > authorizing via signed-in user
[info] 
     ######## #### ########  ######## ########     ###     ######  ########
     ##        ##  ##     ## ##       ##     ##  ##   ##  ##       ##
     ######    ##  ########  ######   ########  #########  ######  ######
     ##        ##  ##    ##  ##       ##     ## ##     ##       ## ##
     ##       #### ##     ## ######## ########  ##     ##  ######  ########

You're about to initialize a Firebase project in this directory:

  /home/akshit/StudioProjects/COVID-19_Prototype

Before we get started, keep in mind:

  * You are initializing in an existing Firebase project directory

[info] 
=== Project Setup
[info] 
[info] First, let's associate this project directory with a Firebase project.
[info] You can create multiple project aliases by running firebase use --add, 
[info] but for now we'll just set up a default project.
[info] 
[info] i  .firebaserc already has a default project, using htc2020-4b03b.
[debug] [2020-04-12T03:58:32.832Z] >>> HTTP REQUEST GET https://firebase.googleapis.com/v1beta1/projects/htc2020-4b03b  
 
[debug] [2020-04-12T03:58:32.881Z] Server Error. getaddrinfo ENOTFOUND firebase.googleapis.com firebase.googleapis.com:443
[debug] [2020-04-12T03:58:32.887Z] FirebaseError: Server Error. getaddrinfo ENOTFOUND firebase.googleapis.com firebase.googleapis.com:443
    at Request._callback (/home/akshit/.npm-global/lib/node_modules/firebase-tools/lib/api.js:31:31)
    at self.callback (/home/akshit/.npm-global/lib/node_modules/firebase-tools/node_modules/request/request.js:185:22)
    at emitOne (events.js:116:13)
    at Request.emit (events.js:211:7)
    at Request.onRequestError (/home/akshit/.npm-global/lib/node_modules/firebase-tools/node_modules/request/request.js:877:8)
    at emitOne (events.js:121:20)
    at ClientRequest.emit (events.js:211:7)
    at TLSSocket.socketErrorListener (_http_client.js:401:9)
    at emitOne (events.js:116:13)
    at TLSSocket.emit (events.js:211:7)
    at emitErrorNT (internal/streams/destroy.js:73:8)
    at _combinedTickCallback (internal/process/next_tick.js:139:11)
    at process._tickDomainCallback (internal/process/next_tick.js:219:9)
[error] 
[error] Error: Failed to get Firebase project htc2020-4b03b. Please make sure the project exists and your account has permission to access it.
